"../../../Engine/Content/Functions/Engine_MaterialFunctions01/Opacity/CameraDepthFade.uasset" 0
"../../../Engine/Content/EngineMaterials/T_Default_Material_Grid_M.uasset" 1
"../../../Engine/Content/EngineMaterials/T_Default_Material_Grid_N.uasset" 2
"../../../Engine/Content/EngineMaterials/DefaultMaterial.uasset" 3
"../../../Engine/Content/BasicShapes/Cone.uasset" 4
"../../../Engine/Content/BasicShapes/Cylinder.uasset" 5
"../../../Engine/Content/BasicShapes/Sphere.uasset" 6
"../../../Engine/Content/EditorLandscapeResources/DataLayer.uasset" 7
"../../../Engine/Content/EditorMaterials/GizmoMaterial.uasset" 8
"../../../Engine/Content/EditorMaterials/MAT_Groups_Toggle.uasset" 9
"../../../Engine/Content/EditorMaterials/MAT_Groups_Visibility.uasset" 10
"../../../Engine/Content/EditorMaterials/PreviewShadowIndicator.uasset" 11
"../../../Engine/Content/EditorMaterials/PreviewShadowIndicatorMaterial.uasset" 12
"../../../Engine/Content/EditorMaterials/AssetViewer/EpicQuadPanorama_CC+EV1.uasset" 13
"../../../Engine/Content/EditorMaterials/MatineeGroups/MAT_ColorTrack.uasset" 14
"../../../Engine/Content/EditorMaterials/MatineeGroups/MAT_Groups_Anim.uasset" 15
"../../../Engine/Content/EditorMaterials/MatineeGroups/MAT_Groups_AudioMaster.uasset" 16
"../../../Engine/Content/EditorMaterials/MatineeGroups/MAT_Groups_Director.uasset" 17
"../../../Engine/Content/EditorMaterials/MatineeGroups/MAT_Groups_Event.uasset" 18
"../../../Engine/Content/EditorMaterials/MatineeGroups/MAT_Groups_Fade.uasset" 19
"../../../Engine/Content/EditorMaterials/MatineeGroups/MAT_Groups_Float.uasset" 20
"../../../Engine/Content/EditorMaterials/MatineeGroups/MAT_Groups_Move.uasset" 21
"../../../Engine/Content/EditorMaterials/MatineeGroups/MAT_Groups_Slomo.uasset" 22
"../../../Engine/Content/EditorMaterials/MatineeGroups/MAT_Groups_Sound.uasset" 23
"../../../Engine/Content/EditorMaterials/MatineeGroups/MAT_Groups_Vector.uasset" 24
"../../../Engine/Content/EditorMaterials/ParticleSystems/PSysThumbnail_NoImage.uasset" 25
"../../../Engine/Content/EditorMaterials/ParticleSystems/PSysThumbnail_OOD.uasset" 26
"../../../Engine/Content/EditorMaterials/Camera/CineMat.uasset" 27
"../../../Engine/Content/EditorMaterials/Camera/MI_CineMat_Rig.uasset" 28
"../../../Engine/Content/EditorMeshes/Camera/SM_CraneRig_Arm.uasset" 29
"../../../Engine/Content/EditorMeshes/Camera/SM_CraneRig_Base.uasset" 30
"../../../Engine/Content/EditorMeshes/Camera/SM_CraneRig_Body.uasset" 31
"../../../Engine/Content/EditorMeshes/Camera/SM_CraneRig_Mount.uasset" 32
"../../../Engine/Content/EditorMeshes/Camera/SM_RailRig_Mount.uasset" 33
"../../../Engine/Content/EditorMeshes/Camera/SM_RailRig_Track.uasset" 34
"../../../Engine/Content/EditorResources/BSPVertex.uasset" 35
"../../../Engine/Content/EditorResources/EmptyActor.uasset" 36
"../../../Engine/Content/EditorResources/RGBTable16x1_AssetViewer.uasset" 37
"../../../Engine/Content/EditorResources/S_Actor.uasset" 38
"../../../Engine/Content/EditorResources/S_Trigger.uasset" 39
"../../../Engine/Content/EditorResources/AudioIcons/S_AudioComponent_AutoActivate.uasset" 40
"../../../Engine/Content/EditorResources/LightIcons/S_LightError.uasset" 41
"../../../Engine/Content/EditorSounds/Notifications/CompileFailed.uasset" 42
"../../../Engine/Content/EditorSounds/Notifications/CompileFailed_Cue.uasset" 43
"../../../Engine/Content/EditorSounds/Notifications/CompileSuccess.uasset" 44
"../../../Engine/Content/EditorSounds/Notifications/CompileStart_Cue.uasset" 45
"../../../Engine/Content/EditorSounds/Notifications/CompileSuccess_Cue.uasset" 46
"../../../Engine/Content/EngineDamageTypes/DmgTypeBP_Environmental.uasset" 47
"../../../Engine/Content/EngineDebugMaterials/HeatmapGradient.uasset" 48
"../../../Engine/Content/EngineDebugMaterials/BoneWeightMaterial.uasset" 49
"../../../Engine/Content/EngineDebugMaterials/DebugMeshMaterial.uasset" 50
"../../../Engine/Content/EngineDebugMaterials/GeomMaterial.uasset" 51
"../../../Engine/Content/EngineFonts/Roboto.uasset" 52
"../../../Engine/Content/EngineFonts/RobotoTiny.uasset" 53
"../../../Engine/Content/EngineMaterials/DefaultBokeh.uasset" 54
"../../../Engine/Content/EngineMaterials/DefaultDiffuse.uasset" 55
"../../../Engine/Content/EngineMaterials/DefaultDeferredDecalMaterial.uasset" 56
"../../../Engine/Content/EngineMaterials/DefaultLightFunctionMaterial.uasset" 57
"../../../Engine/Content/Functions/Engine_MaterialFunctions02/Utility/BreakOutFloat2Components.uasset" 58
"../../../Engine/Content/EngineMaterials/DefaultPostProcessMaterial.uasset" 59
"../../../Engine/Content/EngineFonts/RobotoDistanceField.uasset" 60
"../../../Engine/Content/EngineMaterials/DefaultTextMaterialOpaque.uasset" 61
"../../../Engine/Content/EngineMaterials/DefaultWhiteGrid.uasset" 62
"../../../Engine/Content/EngineMaterials/EditorBrushMaterial.uasset" 63
"../../../Engine/Content/EngineMaterials/InvalidLightmapSettings.uasset" 64
"../../../Engine/Content/EngineMaterials/M_InvalidLightmapSettings.uasset" 65
"../../../Engine/Content/EngineMaterials/MiniFont.uasset" 66
"../../../Engine/Content/EngineMaterials/PhAT_JointLimitMaterial.uasset" 67
"../../../Engine/Content/EngineMaterials/PreintegratedSkinBRDF.uasset" 68
"../../../Engine/Content/EngineMaterials/RemoveSurfaceMaterial.uasset" 69
"../../../Engine/Content/EngineMaterials/WeightMapPlaceholderTexture.uasset" 70
"../../../Engine/Content/EngineResources/WhiteSquareTexture.uasset" 71
"../../../Engine/Content/EngineMaterials/Widget3DPassThrough.uasset" 72
"../../../Engine/Content/EngineMaterials/Widget3DPassThrough_Masked.uasset" 73
"../../../Engine/Content/EngineMaterials/Widget3DPassThrough_Opaque.uasset" 74
"../../../Engine/Content/EngineMaterials/Widget3DPassThrough_Masked_OneSided.uasset" 75
"../../../Engine/Content/EngineMaterials/Widget3DPassThrough_Opaque_OneSided.uasset" 76
"../../../Engine/Content/EngineMaterials/Widget3DPassThrough_Translucent.uasset" 77
"../../../Engine/Content/EngineMaterials/Widget3DPassThrough_Translucent_OneSided.uasset" 78
"../../../Engine/Content/EngineMeshes/Cube.uasset" 79
"../../../Engine/Content/EngineMeshes/Cylinder.uasset" 80
"../../../Engine/Content/EngineMeshes/Sphere.uasset" 81
"../../../Engine/Content/EngineResources/AICON-Green.uasset" 82
"../../../Engine/Content/EngineResources/AICON-Red.uasset" 83
"../../../Engine/Content/EngineResources/DefaultTexture.uasset" 84
"../../../Engine/Content/EngineResources/DefaultTextureCube.uasset" 85
"../../../Engine/Content/EngineResources/GradientTexture0.uasset" 86
"../../../Engine/Content/EngineSounds/Master.uasset" 87
"../../../Engine/Content/EngineSounds/MasterSubmix.uasset" 88
"../../../Engine/Content/EngineTireTypes/DefaultTireType.uasset" 89
"../../../Engine/Content/Functions/Engine_MaterialFunctions01/Shading/ConvertFromDiffSpec.uasset" 90
"../../../Engine/Content/Functions/Engine_MaterialFunctions01/Shading/PowerToRoughness.uasset" 91
"../../../Engine/Content/Maps/Templates/Thumbnails/Default.uasset" 92
"../../../Engine/Content/Maps/Templates/Thumbnails/VR-Basic.uasset" 93
"../../../Engine/Content/MobileResources/T_MobileControls_texture.uasset" 94
"../../../Engine/Content/MobileResources/T_MobileMenu2.uasset" 95
"../../../Engine/Content/MobileResources/HUD/AnalogHat.uasset" 96
"../../../Engine/Content/MobileResources/HUD/VirtualJoystick_Background.uasset" 97
"../../../Engine/Content/MobileResources/HUD/VirtualJoystick_Thumb.uasset" 98
"../../../Engine/Content/MobileResources/HUD/DefaultVirtualJoysticks.uasset" 99
"../../../Engine/Content/MobileResources/HUD/LeftVirtualJoystickOnly.uasset" 100
"../../../Engine/Content/MobileResources/HUD/MobileHUDButton1_off.uasset" 101
"../../../Engine/Content/MobileResources/HUD/MobileHUDButton1_on.uasset" 102
"../../../Engine/Content/MobileResources/HUD/MobileHUDButton2_off.uasset" 103
"../../../Engine/Content/MobileResources/HUD/MobileHUDButton2_on.uasset" 104
"../../../Engine/Content/MobileResources/HUD/MobileHUDButton3.uasset" 105
"../../../Engine/Content/MobileResources/HUD/MobileHUDButtonFire.uasset" 106
"../../../Engine/Content/MobileResources/HUD/MobileHUDDirectionPad.uasset" 107
"../../../Engine/Content/MobileResources/HUD/MobileHUDDirectionPad2.uasset" 108
"../../../Engine/Content/MobileResources/HUD/MobileHUDDirectionPad3.uasset" 109
"../../../Engine/Content/MobileResources/HUD/MobileHUDDirectionStick.uasset" 110
"../../../Engine/Content/MobileResources/HUD/T_Castle_ThumbstickInner.uasset" 111
"../../../Engine/Content/MobileResources/HUD/T_Castle_ThumbstickOutter.uasset" 112
"../../../Engine/Content/Tutorial/ContentIntroCurve.uasset" 113
"../../../Engine/Content/Tutorial/Basics/TutorialAssets/icon_tab_Levels_40x.uasset" 114
"../../../Engine/Content/Tutorial/BlueprintTutorials/TutorialAssets/Blueprint_64x.uasset" 115
"../../../Engine/Content/Tutorial/BlueprintTutorials/TutorialAssets/BlueprintInterface_64x.uasset" 116
"../../../Engine/Content/Tutorial/BlueprintTutorials/TutorialAssets/BlueprintMacroLibrary_64x.uasset" 117
"../../../Engine/Content/Tutorial/BlueprintTutorials/TutorialAssets/Tutorial_BP_Interface.uasset" 118
"../../../Engine/Content/Tutorial/Foliage/TutorialAssets/Foliage.uasset" 119
"../../../Engine/Content/Tutorial/Landscape/TutorialAssets/Landscape.uasset" 120
"../../../Engine/Content/Tutorial/Paper2D/TutorialAssets/Paper2DFlipbook_TutorialIcon.uasset" 121
"../../../Engine/Content/Tutorial/Paper2D/TutorialAssets/Paper2DSprite_TutorialIcon.uasset" 122
"../../../Engine/Content/Tutorial/SubEditors/TutorialAssets/icon_Editor_Preferences_General_40x.uasset" 123
"../../../Engine/Content/Tutorial/SubEditors/TutorialAssets/icon_ShowSkeletalMeshes_40x.uasset" 124
"../../../Engine/Content/EngineMaterials/WorldGridMaterial.uasset" 125
"../../../Engine/Content/EditorMeshes/EditorCube.uasset" 126
"../../../Engine/Content/Tutorial/SubEditors/TutorialAssets/Tutorial_DM.uasset" 127
"../../../Engine/Content/Tutorial/SubEditors/TutorialAssets/TutorialMaterial.uasset" 128
"../../../Engine/Content/Tutorial/SubEditors/TutorialAssets/T_SmokeSubUV_8X8.uasset" 129
"../../../Engine/Content/Tutorial/SubEditors/TutorialAssets/T_soft_smoke.uasset" 130
"../../../Engine/Content/Tutorial/SubEditors/TutorialAssets/M_smoke_subUV_blackbody.uasset" 131
"../../../Engine/Content/Tutorial/SubEditors/TutorialAssets/TutorialParticleSystem.uasset" 132
"../../../Engine/Content/VREditor/Devices/Generic/GenericHMDMaterial.uasset" 133
"../../../Engine/Content/VREditor/Devices/Generic/GenericHMD.uasset" 134
"../../../Engine/Content/VREditor/FloatingText/LineMaterial.uasset" 135
"../../../Engine/Content/VREditor/FloatingText/JointSphere.uasset" 136
"../../../Engine/Content/VREditor/FloatingText/LineSegmentCylinder.uasset" 137
"../../../Engine/Content/VREditor/Fonts/VRText_RobotoLarge.uasset" 138
"../../../Engine/Content/VREditor/Fonts/VRTextMaterial.uasset" 139
"../../../Engine/Content/VREditor/Fonts/TranslucentVRTextMaterial.uasset" 140
"../../../Engine/Content/VREditor/LaserPointer/VR_LaserPower_01.uasset" 141
"../../../Engine/Content/VREditor/LaserPointer/LaserPointerMaterial.uasset" 142
"../../../Engine/Content/VREditor/LaserPointer/LaserPointerMaterialInst.uasset" 143
"../../../Engine/Content/VREditor/LaserPointer/TranslucentLaserPointerMaterialInst.uasset" 144
"../../../Engine/Content/VREditor/LaserPointer/LaserPointerMesh.uasset" 145
"../../../Engine/Content/VREditor/Sounds/VR_grab_Cue.uasset" 146
"../../../Engine/Content/VREditor/Sounds/VR_teleport_Cue.uasset" 147
"../../../Engine/Content/VREditor/TransformGizmo/TransformGizmoMaterial.uasset" 148
"../../../Engine/Content/VREditor/TransformGizmo/TranslucentTransformGizmoMaterial.uasset" 149
"../../../Engine/Content/VREditor/TransformGizmo/BoundingBoxCorner.uasset" 150
"../../../Engine/Content/VREditor/TransformGizmo/BoundingBoxEdge.uasset" 151
"../../../Engine/Content/VREditor/TransformGizmo/PlaneTranslationHandle.uasset" 152
"../../../Engine/Content/VREditor/TransformGizmo/RotationHandle.uasset" 153
"../../../Engine/Content/VREditor/TransformGizmo/RotationHandleFull.uasset" 154
"../../../Engine/Content/VREditor/TransformGizmo/StretchingHandle.uasset" 155
"../../../Engine/Content/VREditor/TransformGizmo/TranslateHandleLong.uasset" 156
"../../../Engine/Content/VREditor/TransformGizmo/TranslationHandle.uasset" 157
"../../../Engine/Content/VREditor/TransformGizmo/UniformScaleHandle.uasset" 158
"../../../Engine/Content/VREditor/UI/CloseButtonMesh.uasset" 159
"../../../Engine/Content/VREditor/UI/SelectionBarMesh.uasset" 160
"../../../Engine/Content/Functions/Engine_MaterialFunctions01/Gradient/RadialGradient.uasset" 161
"../../../Engine/Content/VREditor/WorldMovementGrid/SimpleGrid.uasset" 162
"../../../Engine/Content/VREditor/WorldMovementGrid/GridMaterial.uasset" 163
"../../../Engine/Content/Functions/Engine_MaterialFunctions01/Density/ExponentialDensity.uasset" 164
"../../../Engine/Content/VREditor/WorldMovementGrid/GridPostProcess.uasset" 165
"../../../Engine/Content/EditorLandscapeResources/FlattenHeightMat.uasset" 166
"../../../Engine/Content/VREditor/WorldMovementGrid/PlaneMesh.uasset" 167
"../../../FinalProject/Content/M_Metal_Steel.uasset" 168
"../../../FinalProject/Content/M_Wood_Floor_Walnut_Polished.uasset" 169
"../../../FinalProject/Content/M_Chair.uasset" 170
"../../../FinalProject/Content/M_Concrete_Tiles.uasset" 171
"../../../FinalProject/Content/M_Door.uasset" 172
"../../../FinalProject/Content/M_Frame.uasset" 173
"../../../FinalProject/Content/M_Glass.uasset" 174
"../../../FinalProject/Content/M_Lamp.uasset" 175
"../../../FinalProject/Content/M_Metal_Rust.uasset" 176
"../../../FinalProject/Content/M_Shelf.uasset" 177
"../../../FinalProject/Content/M_Statue.uasset" 178
"../../../FinalProject/Content/M_StatueGlass.uasset" 179
"../../../FinalProject/Content/M_TableRound.uasset" 180
"../../../FinalProject/Content/M_Wood_Floor_Walnut_Worn.uasset" 181
"../../../FinalProject/Content/M_Wood_Oak.uasset" 182
"../../../FinalProject/Content/T_Wood_Floor_Walnut_M_Mat.uasset" 183
"../../../FinalProject/Content/WorldGridMaterial.uasset" 184
"../../../FinalProject/Content/shack.uasset" 185
"../../../Engine/Content/EditorBlueprintResources/StandardMacros.uasset" 186
"../../../Engine/Content/EngineSky/C_Sky_Cloud_Color.uasset" 187
"../../../Engine/Content/EngineSky/C_Sky_Horizon_Color.uasset" 188
"../../../Engine/Content/EngineSky/C_Sky_Zenith_Color.uasset" 189
"../../../Engine/Content/EngineSky/T_Sky_Blue.uasset" 190
"../../../Engine/Content/EngineSky/T_Sky_Clouds_M.uasset" 191
"../../../Engine/Content/EngineSky/T_Sky_Stars.uasset" 192
"../../../Engine/Content/EngineSky/M_Sky_Panning_Clouds2.uasset" 193
"../../../Engine/Content/EngineSky/SM_SkySphere.uasset" 194
"../../../Engine/Content/EngineSky/BP_Sky_Sphere.uasset" 195
"../../../FinalProject/Content/Blueprints/DayNightCycle.uasset" 196
"../../../FinalProject/Content/Blueprints/TimeUntilNight.uasset" 197
"../../../FinalProject/Content/FirstPerson/Character/Mesh/SK_Mannequin_Arms_Skeleton.uasset" 198
"../../../FinalProject/Content/FirstPerson/Animations/FirstPerson_Idle.uasset" 199
"../../../FinalProject/Content/FirstPerson/Animations/FirstPerson_JumpEnd.uasset" 200
"../../../FinalProject/Content/FirstPerson/Animations/FirstPerson_JumpLoop.uasset" 201
"../../../FinalProject/Content/FirstPerson/Animations/FirstPerson_JumpStart.uasset" 202
"../../../FinalProject/Content/FirstPerson/Animations/FirstPerson_Run.uasset" 203
"../../../FinalProject/Content/FirstPerson/Animations/FirstPerson_AnimBP.uasset" 204
"../../../FinalProject/Content/FirstPerson/Animations/FirstPerson_Fire.uasset" 205
"../../../FinalProject/Content/FirstPerson/Animations/FirstPersonFire_Montage.uasset" 206
"../../../FinalProject/Content/FirstPerson/Audio/FirstPersonTemplateWeaponFire02.uasset" 207
"../../../FinalProject/Content/FirstPerson/Character/Textures/UE4_LOGO_CARD.uasset" 208
"../../../FinalProject/Content/FirstPerson/FPWeapon/Materials/MaterialLayers/ML_Plastic_Shiny_Beige_LOGO.uasset" 209
"../../../FinalProject/Content/FirstPerson/FPWeapon/Mesh/SK_FPGun_PhysicsAsset.uasset" 210
"../../../FinalProject/Content/FirstPerson/Meshes/BaseMaterial.uasset" 211
"../../../FinalProject/Content/FirstPerson/Meshes/FirstPersonProjectileMaterial.uasset" 212
"../../../FinalProject/Content/FirstPerson/Meshes/FirstPersonProjectileMesh.uasset" 213
"../../../FinalProject/Content/FirstPersonBP/Blueprints/FirstPersonProjectile.uasset" 214
"../../../FinalProject/Content/Geometry/M_Chair.uasset" 215
"../../../FinalProject/Content/Geometry/M_Concrete_Tiles.uasset" 216
"../../../FinalProject/Content/Geometry/M_Door.uasset" 217
"../../../FinalProject/Content/Geometry/M_Frame.uasset" 218
"../../../FinalProject/Content/Geometry/M_Glass.uasset" 219
"../../../FinalProject/Content/Geometry/M_Lamp.uasset" 220
"../../../FinalProject/Content/Geometry/M_Metal_Rust.uasset" 221
"../../../FinalProject/Content/Geometry/M_Metal_Steel.uasset" 222
"../../../FinalProject/Content/Geometry/M_Shelf.uasset" 223
"../../../FinalProject/Content/Geometry/M_Statue.uasset" 224
"../../../FinalProject/Content/Geometry/M_StatueGlass.uasset" 225
"../../../FinalProject/Content/Geometry/M_TableRound.uasset" 226
"../../../FinalProject/Content/Geometry/M_Wood_Floor_Walnut_Polished.uasset" 227
"../../../FinalProject/Content/Geometry/M_Wood_Floor_Walnut_Worn.uasset" 228
"../../../FinalProject/Content/Geometry/M_Wood_Oak.uasset" 229
"../../../FinalProject/Content/Geometry/T_Wood_Floor_Walnut_M_Mat.uasset" 230
"../../../FinalProject/Content/Geometry/WorldGridMaterial.uasset" 231
"../../../FinalProject/Content/Geometry/Meshes/CubeMaterial.uasset" 232
"../../../FinalProject/Content/Geometry/Meshes/1M_Cube_Chamfer.uasset" 233
"../../../FinalProject/Content/Geometry/Meshes/TemplateFloor.uasset" 234
"../../../FinalProject/Content/KiteDemo/Environments/GroundTiles/Grass/T_ground_Moss_D.uasset" 235
"../../../FinalProject/Content/KiteDemo/Environments/Rocks/Mountain_RockFace_002/T_MountainRock_Closed_N.uasset" 236
"../../../FinalProject/Content/KiteDemo/Environments/Rocks/Mountain_RockFace_002/T_MountainRock_Closed_D.uasset" 237
"../../../FinalProject/Content/KiteDemo/Environments/Textures/MPC_MacroVariation.uasset" 238
"../../../FinalProject/Content/StarterContent/Materials/M_Basic_Wall.uasset" 239
"../../../FinalProject/Content/StarterContent/Architecture/Pillar_50x500.uasset" 240
"../../../FinalProject/Content/StarterContent/Architecture/Wall_400x200.uasset" 241
"../../../FinalProject/Content/StarterContent/Architecture/Wall_400x300.uasset" 242
"../../../FinalProject/Content/StarterContent/Architecture/Wall_400x400.uasset" 243
"../../../FinalProject/Content/StarterContent/Architecture/Wall_500x500.uasset" 244
"../../../FinalProject/Content/StarterContent/Architecture/Wall_Door_400x300.uasset" 245
"../../../FinalProject/Content/StarterContent/Architecture/Wall_Door_400x400.uasset" 246
"../../../FinalProject/Content/StarterContent/Architecture/Wall_Window_400x300.uasset" 247
"../../../FinalProject/Content/StarterContent/Architecture/Wall_Window_400x400.uasset" 248
"../../../FinalProject/Content/StarterContent/Audio/Collapse_Cue.uasset" 249
"../../../FinalProject/Content/StarterContent/Audio/Light01_Cue.uasset" 250
"../../../FinalProject/Content/StarterContent/Audio/Light02_Cue.uasset" 251
"../../../FinalProject/Content/StarterContent/Audio/Starter_Music_Cue.uasset" 252
"../../../FinalProject/Content/StarterContent/Textures/T_Lamp_M.uasset" 253
"../../../FinalProject/Content/StarterContent/Textures/T_Lamp_N.uasset" 254
"../../../FinalProject/Content/StarterContent/Props/Materials/M_Lamp.uasset" 255
"../../../FinalProject/Content/StarterContent/Props/SM_Lamp_Ceiling.uasset" 256
"../../../FinalProject/Content/StarterContent/Blueprints/Blueprint_CeilingLight.uasset" 257
"../../../FinalProject/Content/StarterContent/Audio/Explosion_Cue.uasset" 258
"../../../FinalProject/Content/StarterContent/Textures/T_Burst_M.uasset" 259
"../../../FinalProject/Content/StarterContent/Particles/Materials/M_Burst.uasset" 260
"../../../FinalProject/Content/StarterContent/Textures/T_Explosion_SubUV.uasset" 261
"../../../FinalProject/Content/StarterContent/Particles/Materials/M_explosion_subUV.uasset" 262
"../../../FinalProject/Content/StarterContent/Particles/Materials/m_flare_01.uasset" 263
"../../../FinalProject/Content/StarterContent/Particles/Materials/M_radial_ramp.uasset" 264
"../../../FinalProject/Content/StarterContent/Textures/T_Smoke_SubUV.uasset" 265
"../../../FinalProject/Content/StarterContent/Textures/T_Smoke_Tiled_D.uasset" 266
"../../../FinalProject/Content/StarterContent/Particles/Materials/M_smoke_subUV.uasset" 267
"../../../FinalProject/Content/StarterContent/Particles/P_Explosion.uasset" 268
"../../../FinalProject/Content/StarterContent/Blueprints/Blueprint_Effect_Explosion.uasset" 269
"../../../FinalProject/Content/StarterContent/Audio/Fire01_Cue.uasset" 270
"../../../FinalProject/Content/StarterContent/Textures/T_Fire_SubUV.uasset" 271
"../../../FinalProject/Content/StarterContent/Textures/T_Fire_Tiled_D.uasset" 272
"../../../FinalProject/Content/StarterContent/Particles/Materials/M_Fire_SubUV.uasset" 273
"../../../FinalProject/Content/StarterContent/Textures/T_Water_N.uasset" 274
"../../../FinalProject/Content/StarterContent/Particles/Materials/M_Heat_Distortion.uasset" 275
"../../../FinalProject/Content/StarterContent/Particles/Materials/M_Radial_Gradient.uasset" 276
"../../../FinalProject/Content/StarterContent/Particles/P_Fire.uasset" 277
"../../../FinalProject/Content/StarterContent/Blueprints/Blueprint_Effect_Fire.uasset" 278
"../../../FinalProject/Content/StarterContent/Audio/Smoke01_Cue.uasset" 279
"../../../FinalProject/Content/StarterContent/Particles/P_Smoke.uasset" 280
"../../../FinalProject/Content/StarterContent/Blueprints/Blueprint_Effect_Smoke.uasset" 281
"../../../FinalProject/Content/StarterContent/Audio/Fire_Sparks01_Cue.uasset" 282
"../../../FinalProject/Content/StarterContent/Textures/T_Spark_Core.uasset" 283
"../../../FinalProject/Content/StarterContent/Particles/Materials/M_Spark.uasset" 284
"../../../FinalProject/Content/StarterContent/Particles/P_Sparks.uasset" 285
"../../../FinalProject/Content/StarterContent/Blueprints/Blueprint_Effect_Sparks.uasset" 286
"../../../FinalProject/Content/StarterContent/Audio/Steam01_Cue.uasset" 287
"../../../FinalProject/Content/StarterContent/Particles/P_Steam_Lit.uasset" 288
"../../../FinalProject/Content/StarterContent/Blueprints/Blueprint_Effect_Steam.uasset" 289
"../../../FinalProject/Content/StarterContent/Props/SM_Lamp_Wall.uasset" 290
"../../../FinalProject/Content/StarterContent/Blueprints/Blueprint_WallSconce.uasset" 291
"../../../FinalProject/Content/StarterContent/Textures/T_Brick_Clay_Beveled_D.uasset" 292
"../../../FinalProject/Content/StarterContent/Textures/T_Brick_Clay_Beveled_M.uasset" 293
"../../../FinalProject/Content/StarterContent/Textures/T_Brick_Clay_Beveled_N.uasset" 294
"../../../FinalProject/Content/StarterContent/Textures/T_MacroVariation.uasset" 295
"../../../FinalProject/Content/StarterContent/Materials/M_Brick_Clay_Beveled.uasset" 296
"../../../FinalProject/Content/StarterContent/Textures/T_Brick_Clay_New_D.uasset" 297
"../../../FinalProject/Content/StarterContent/Textures/T_Brick_Clay_New_M.uasset" 298
"../../../FinalProject/Content/StarterContent/Textures/T_Brick_Clay_New_N.uasset" 299
"../../../FinalProject/Content/StarterContent/Textures/T_Detail_Rocky_N.uasset" 300
"../../../FinalProject/Content/StarterContent/Materials/M_Brick_Clay_New.uasset" 301
"../../../FinalProject/Content/StarterContent/Textures/T_Brick_Clay_Old_D.uasset" 302
"../../../FinalProject/Content/StarterContent/Textures/T_Brick_Clay_Old_N.uasset" 303
"../../../FinalProject/Content/StarterContent/Textures/T_Perlin_Noise_M.uasset" 304
"../../../FinalProject/Content/StarterContent/Materials/M_Brick_Clay_Old.uasset" 305
"../../../FinalProject/Content/StarterContent/Textures/T_Brick_Cut_Stone_D.uasset" 306
"../../../FinalProject/Content/StarterContent/Textures/T_Brick_Cut_Stone_N.uasset" 307
"../../../FinalProject/Content/StarterContent/Materials/M_Brick_Cut_Stone.uasset" 308
"../../../FinalProject/Content/StarterContent/Textures/T_Brick_Hewn_Stone_D.uasset" 309
"../../../FinalProject/Content/StarterContent/Textures/T_Brick_Hewn_Stone_M.uasset" 310
"../../../FinalProject/Content/StarterContent/Textures/T_Brick_Hewn_Stone_N.uasset" 311
"../../../FinalProject/Content/StarterContent/Materials/M_Brick_Hewn_Stone.uasset" 312
"../../../FinalProject/Content/StarterContent/Textures/T_Ceramic_Tile_M.uasset" 313
"../../../FinalProject/Content/StarterContent/Textures/T_Ceramic_Tile_N.uasset" 314
"../../../FinalProject/Content/StarterContent/Textures/T_Rock_Marble_Polished_D.uasset" 315
"../../../FinalProject/Content/StarterContent/Materials/M_Ceramic_Tile_Checker.uasset" 316
"../../../FinalProject/Content/StarterContent/Textures/T_CobbleStone_Pebble_D.uasset" 317
"../../../FinalProject/Content/StarterContent/Textures/T_CobbleStone_Pebble_M.uasset" 318
"../../../FinalProject/Content/StarterContent/Textures/T_CobbleStone_Pebble_N.uasset" 319
"../../../FinalProject/Content/StarterContent/Materials/M_CobbleStone_Pebble.uasset" 320
"../../../FinalProject/Content/StarterContent/Textures/T_CobbleStone_Rough_D.uasset" 321
"../../../FinalProject/Content/StarterContent/Textures/T_CobbleStone_Rough_N.uasset" 322
"../../../FinalProject/Content/StarterContent/Textures/T_Gradinet_01.uasset" 323
"../../../FinalProject/Content/StarterContent/Textures/T_Rock_Smooth_Granite_D.uasset" 324
"../../../FinalProject/Content/StarterContent/Materials/M_CobbleStone_Rough.uasset" 325
"../../../FinalProject/Content/StarterContent/Textures/T_CobbleStone_Smooth_D.uasset" 326
"../../../FinalProject/Content/StarterContent/Textures/T_CobbleStone_Smooth_M.uasset" 327
"../../../FinalProject/Content/StarterContent/Textures/T_CobbleStone_Smooth_N.uasset" 328
"../../../FinalProject/Content/StarterContent/Materials/M_CobbleStone_Smooth.uasset" 329
"../../../Engine/Content/EditorMeshes/ColorCalibrator/T_ColorGrid.uasset" 330
"../../../FinalProject/Content/StarterContent/Materials/M_ColorGrid_LowSpec.uasset" 331
"../../../FinalProject/Content/StarterContent/Textures/T_Concrete_Grime_D.uasset" 332
"../../../FinalProject/Content/StarterContent/Textures/T_Metal_Rust_N.uasset" 333
"../../../FinalProject/Content/StarterContent/Materials/M_Concrete_Grime.uasset" 334
"../../../FinalProject/Content/StarterContent/Textures/T_Concrete_Panels_D.uasset" 335
"../../../FinalProject/Content/StarterContent/Textures/T_Concrete_Panels_N.uasset" 336
"../../../FinalProject/Content/StarterContent/Materials/M_Concrete_Panels.uasset" 337
"../../../FinalProject/Content/StarterContent/Textures/T_Concrete_Poured_D.uasset" 338
"../../../FinalProject/Content/StarterContent/Textures/T_Concrete_Poured_N.uasset" 339
"../../../FinalProject/Content/StarterContent/Materials/M_Concrete_Poured.uasset" 340
"../../../FinalProject/Content/StarterContent/Textures/T_Ground_Gravel_D.uasset" 341
"../../../FinalProject/Content/StarterContent/Textures/T_Ground_Gravel_N.uasset" 342
"../../../FinalProject/Content/StarterContent/Materials/M_Ground_Gravel.uasset" 343
"../../../FinalProject/Content/StarterContent/Textures/T_ground_Moss_D.uasset" 344
"../../../FinalProject/Content/StarterContent/Textures/T_Ground_Moss_N.uasset" 345
"../../../FinalProject/Content/StarterContent/Materials/M_Ground_Moss.uasset" 346
"../../../FinalProject/Content/StarterContent/Materials/M_Metal_Chrome.uasset" 347
"../../../FinalProject/Content/StarterContent/Textures/T_Metal_Gold_D.uasset" 348
"../../../FinalProject/Content/StarterContent/Textures/T_Metal_Gold_N.uasset" 349
"../../../FinalProject/Content/StarterContent/Materials/M_Metal_Gold.uasset" 350
"../../../Engine/Content/Functions/Engine_MaterialFunctions02/Utility/BlendAngleCorrectedNormals.uasset" 351
"../../../FinalProject/Content/StarterContent/Textures/T_Metal_Rust_D.uasset" 352
"../../../FinalProject/Content/StarterContent/Materials/M_Metal_Rust.uasset" 353
"../../../FinalProject/Content/StarterContent/Textures/T_Metal_Steel_D.uasset" 354
"../../../FinalProject/Content/StarterContent/Textures/T_Metal_Steel_N.uasset" 355
"../../../FinalProject/Content/StarterContent/Materials/M_Metal_Steel.uasset" 356
"../../../FinalProject/Content/StarterContent/Materials/M_Rock_Marble_Polished.uasset" 357
"../../../FinalProject/Content/StarterContent/Textures/T_Rock_Sandstone_D.uasset" 358
"../../../FinalProject/Content/StarterContent/Textures/T_Rock_Sandstone_N.uasset" 359
"../../../FinalProject/Content/StarterContent/Materials/M_Rock_Sandstone.uasset" 360
"../../../FinalProject/Content/StarterContent/Textures/T_Rock_Slate_D.uasset" 361
"../../../FinalProject/Content/StarterContent/Textures/T_Rock_Slate_N.uasset" 362
"../../../FinalProject/Content/StarterContent/Materials/M_Rock_Slate.uasset" 363
"../../../FinalProject/Content/StarterContent/Textures/T_Checker_Noise_M.uasset" 364
"../../../FinalProject/Content/StarterContent/Textures/T_Single_Tile_N.uasset" 365
"../../../FinalProject/Content/StarterContent/Textures/T_Tech_Dot_M.uasset" 366
"../../../FinalProject/Content/StarterContent/Textures/T_Tech_Dot_N.uasset" 367
"../../../FinalProject/Content/StarterContent/Materials/M_Tech_Checker_Dot.uasset" 368
"../../../FinalProject/Content/StarterContent/Textures/T_Tech_Hex_Tile_M.uasset" 369
"../../../FinalProject/Content/StarterContent/Textures/T_Tech_Hex_Tile_N.uasset" 370
"../../../FinalProject/Content/StarterContent/Materials/M_Tech_Hex_Tile.uasset" 371
"../../../FinalProject/Content/StarterContent/Materials/M_Tech_Hex_Tile_Pulse.uasset" 372
"../../../FinalProject/Content/StarterContent/Textures/T_Tech_Panel_M.uasset" 373
"../../../FinalProject/Content/StarterContent/Textures/T_Tech_Panel_N.uasset" 374
"../../../FinalProject/Content/StarterContent/Materials/M_Tech_Panel.uasset" 375
"../../../FinalProject/Content/StarterContent/Materials/M_Water_Lake.uasset" 376
"../../../FinalProject/Content/StarterContent/Textures/T_Wood_Floor_Walnut_D.uasset" 377
"../../../FinalProject/Content/StarterContent/Textures/T_Wood_Floor_Walnut_M.uasset" 378
"../../../FinalProject/Content/StarterContent/Textures/T_Wood_Floor_Walnut_N.uasset" 379
"../../../FinalProject/Content/StarterContent/Materials/M_Wood_Floor_Walnut_Polished.uasset" 380
"../../../FinalProject/Content/StarterContent/Textures/T_Wood_Pine_D.uasset" 381
"../../../FinalProject/Content/StarterContent/Textures/T_Wood_Pine_N.uasset" 382
"../../../FinalProject/Content/StarterContent/Materials/M_Wood_Pine.uasset" 383
"../../../FinalProject/Content/StarterContent/Textures/T_Dust_Particle_D.uasset" 384
"../../../FinalProject/Content/StarterContent/Particles/Materials/M_Dust_Particle.uasset" 385
"../../../FinalProject/Content/StarterContent/Particles/P_Ambient_Dust.uasset" 386
"../../../FinalProject/Content/StarterContent/Props/MaterialSphere.uasset" 387
"../../../FinalProject/Content/StarterContent/Textures/T_Bush_D.uasset" 388
"../../../FinalProject/Content/StarterContent/Textures/T_Bush_N.uasset" 389
"../../../FinalProject/Content/StarterContent/Props/Materials/M_Bush.uasset" 390
"../../../FinalProject/Content/StarterContent/Props/SM_Bush.uasset" 391
"../../../FinalProject/Content/StarterContent/Textures/T_Frame_M.uasset" 392
"../../../FinalProject/Content/StarterContent/Textures/T_Frame_N.uasset" 393
"../../../FinalProject/Content/StarterContent/Props/Materials/M_Frame.uasset" 394
"../../../FinalProject/Content/StarterContent/Props/SM_CornerFrame.uasset" 395
"../../../FinalProject/Content/StarterContent/Textures/T_Chair_M.uasset" 396
"../../../FinalProject/Content/StarterContent/Textures/T_Chair_N.uasset" 397
"../../../FinalProject/Content/StarterContent/Props/Materials/M_Chair.uasset" 398
"../../../FinalProject/Content/StarterContent/Props/SM_Couch.uasset" 399
"../../../FinalProject/Content/StarterContent/Materials/M_Glass.uasset" 400
"../../../FinalProject/Content/StarterContent/Textures/T_Door_M.uasset" 401
"../../../FinalProject/Content/StarterContent/Textures/T_Door_N.uasset" 402
"../../../FinalProject/Content/StarterContent/Props/Materials/M_Door.uasset" 403
"../../../FinalProject/Content/StarterContent/Props/SM_Door.uasset" 404
"../../../FinalProject/Content/StarterContent/Props/SM_DoorFrame.uasset" 405
"../../../FinalProject/Content/StarterContent/Props/SM_GlassWindow.uasset" 406
"../../../FinalProject/Content/StarterContent/Props/SM_PillarFrame.uasset" 407
"../../../FinalProject/Content/StarterContent/Props/SM_PillarFrame300.uasset" 408
"../../../FinalProject/Content/StarterContent/Textures/T_Rock_Basalt_D.uasset" 409
"../../../FinalProject/Content/StarterContent/Textures/T_RockMesh_M.uasset" 410
"../../../FinalProject/Content/StarterContent/Textures/T_RockMesh_N.uasset" 411
"../../../FinalProject/Content/StarterContent/Props/Materials/M_Rock.uasset" 412
"../../../FinalProject/Content/StarterContent/Props/SM_Rock.uasset" 413
"../../../FinalProject/Content/StarterContent/Textures/T_Shelf_M.uasset" 414
"../../../FinalProject/Content/StarterContent/Textures/T_Shelf_N.uasset" 415
"../../../FinalProject/Content/StarterContent/Props/Materials/M_Shelf.uasset" 416
"../../../FinalProject/Content/StarterContent/Props/SM_Shelf.uasset" 417
"../../../FinalProject/Content/StarterContent/Materials/M_Basic_Floor.uasset" 418
"../../../FinalProject/Content/StarterContent/Props/SM_Stairs.uasset" 419
"../../../FinalProject/Content/StarterContent/Props/SM_WindowFrame.uasset" 420
"../../../FinalProject/Content/StarterContent/Props/Materials/M_MaterialSphere.uasset" 421
"../../../FinalProject/Content/StarterContent/Props/Materials/M_MaterialSphere_Plain.uasset" 422
"../../../FinalProject/Content/StarterContent/Shapes/Shape_Cone.uasset" 423
"../../../FinalProject/Content/StarterContent/Shapes/Shape_Cube.uasset" 424
"../../../FinalProject/Content/StarterContent/Shapes/Shape_Cylinder.uasset" 425
"../../../FinalProject/Content/StarterContent/Shapes/Shape_NarrowCapsule.uasset" 426
"../../../FinalProject/Content/StarterContent/Shapes/Shape_Pipe.uasset" 427
"../../../FinalProject/Content/StarterContent/Shapes/Shape_Pipe_180.uasset" 428
"../../../FinalProject/Content/StarterContent/Shapes/Shape_Pipe_90.uasset" 429
"../../../FinalProject/Content/StarterContent/Shapes/Shape_Plane.uasset" 430
"../../../FinalProject/Content/StarterContent/Shapes/Shape_QuadPyramid.uasset" 431
"../../../FinalProject/Content/StarterContent/Shapes/Shape_Sphere.uasset" 432
"../../../FinalProject/Content/StarterContent/Shapes/Shape_Torus.uasset" 433
"../../../FinalProject/Content/StarterContent/Shapes/Shape_Trim.uasset" 434
"../../../FinalProject/Content/StarterContent/Shapes/Shape_Trim_90_In.uasset" 435
"../../../FinalProject/Content/StarterContent/Shapes/Shape_Trim_90_Out.uasset" 436
"../../../FinalProject/Content/StarterContent/Shapes/Shape_TriPyramid.uasset" 437
"../../../FinalProject/Content/StarterContent/Shapes/Shape_Tube.uasset" 438
"../../../FinalProject/Content/StarterContent/Shapes/Shape_Wedge_A.uasset" 439
"../../../FinalProject/Content/StarterContent/Shapes/Shape_Wedge_B.uasset" 440
"../../../FinalProject/Content/StarterContent/Shapes/Shape_WideCapsule.uasset" 441
"../../../Engine/Plugins/2D/Paper2D/Content/DummySprite.uasset" 442
"../../../Engine/Plugins/2D/Paper2D/Content/DefaultPaperTerrainMaterial.uasset" 443
"../../../Engine/Plugins/2D/Paper2D/Content/DefaultSpriteMaterial.uasset" 444
"../../../Engine/Plugins/2D/Paper2D/Content/MaskedUnlitSpriteMaterial.uasset" 445
"../../../Engine/Plugins/2D/Paper2D/Content/OpaqueUnlitSpriteMaterial.uasset" 446
"../../../Engine/Plugins/2D/Paper2D/Content/PlaceholderTextures/DummySpriteTexture.uasset" 447
"../../../FinalProject/Content/FirstPersonBP/Blueprints/FirstPersonCharacter.uasset" 448
"../../../FinalProject/Content/FirstPerson/Textures/FirstPersonCrosshair.uasset" 449
"../../../FinalProject/Content/FirstPersonBP/Blueprints/FirstPersonHUD.uasset" 450
"../../../FinalProject/Content/FirstPersonBP/Blueprints/FirstPersonGameMode.uasset" 451
"../../../FinalProject/Content/FirstPersonBP/Maps/FirstPersonExampleMap_BuiltData.uasset" 452
"../../../Engine/Content/Functions/Engine_MaterialFunctions03/Procedurals/ComputeFilterWidth.uasset" 453
"../../../Engine/Content/EngineMaterials/AntiAliasedTextMaterialTranslucent.uasset" 454
"../../../FinalProject/Content/FirstPerson/Meshes/CubeMaterialOverride.uasset" 455
"../../../FinalProject/Content/Geometry/Meshes/1M_Cube.uasset" 456
"../../../FinalProject/Content/FirstPersonBP/Maps/FirstPersonExampleMap.umap" 457
"../../../FinalProject/Content/KiteDemo/Environments/GroundTiles/Grass/T_Ground_Grass_N.uasset" 458
"../../../FinalProject/Content/KiteDemo/Environments/GroundTiles/Grass/T_GDC_Grass01_D_NoisyAlpha.uasset" 459
"../../../FinalProject/Content/KiteDemo/Environments/GroundTiles/Grass/T_MacroVariation.uasset" 460
"../../../FinalProject/Content/KiteDemo/Environments/GroundTiles/Grass/T_Perlin_Noise_M.uasset" 461
"../../../FinalProject/Content/KiteDemo/Environments/GroundTiles/Grass/M_Ground_Grass2.uasset" 462
"../../../FinalProject/Content/StarterContent/Textures/T_Ground_Grass_D.uasset" 463
"../../../FinalProject/Content/StarterContent/Textures/T_Ground_Grass_N.uasset" 464
"../../../FinalProject/Content/StarterContent/Materials/M_Ground_Grass.uasset" 465
"../../../Engine/Content/EngineMaterials/DefaultPhysicalMaterial.uasset" 466
"../../../FinalProject/Content/Geometry/Fbx_Default_Material.uasset" 467
"../../../FinalProject/Content/Geometry/MountainMeshTake3_1.uasset" 468
"../../../FinalProject/Content/plane/piper_pa18.uasset" 469
"../../../FinalProject/Content/IslandTest.umap" 470
"../../../FinalProject/Content/StarterContent/Textures/T_Rock_Basalt_N.uasset" 471
"../../../FinalProject/Content/StarterContent/Materials/M_Rock_Basalt.uasset" 472
"../../../Engine/Content/Functions/Engine_MaterialFunctions01/Gradient/LinearGradient.uasset" 473
"../../../Engine/Content/Functions/Engine_MaterialFunctions01/ImageAdjustment/CheapContrast.uasset" 474
"../../../Engine/Content/EngineMaterials/FlatNormal.uasset" 475
"../../../Engine/Content/EngineResources/Black.uasset" 476
"../../../FinalProject/Content/KiteDemo/Textures/T_CliffRock_03_N.uasset" 477
"../../../FinalProject/Content/KiteDemo/Textures/T_CliffRockTile_03_D.uasset" 478
"../../../FinalProject/Content/KiteDemo/Material/M_Photoscan_Master.uasset" 479
"../../../FinalProject/Content/KiteDemo/Environments/Rocks/LargePlainsBoulder002/T_LargePlainsBoulder002_N.uasset" 480
"../../../FinalProject/Content/KiteDemo/Environments/Rocks/LargePlainsBoulder002/T_LargePlainsBoulder002_D_R.uasset" 481
"../../../FinalProject/Content/KiteDemo/Environments/Rocks/LargePlainsBoulder002/MI_LargePlainsBoulder002.uasset" 482
"../../../FinalProject/Content/KiteDemo/Environments/Rocks/LargePlainsBoulder002/SM_LargePlainsBoulder002.uasset" 483
"../../../FinalProject/Content/KiteDemo/Environments/Rocks/Medium_Boulder_001/Medium_Boulder_001_N_4096.uasset" 484
"../../../FinalProject/Content/KiteDemo/Environments/Rocks/Medium_Boulder_001/Medium_Boulder_001_D_4096CC_R.uasset" 485
"../../../FinalProject/Content/KiteDemo/Environments/Rocks/Medium_Boulder_001/MI_MediumBoulder_0012.uasset" 486
"../../../FinalProject/Content/KiteDemo/Environments/Rocks/Medium_Boulder_001/Medium_Boulder_001.uasset" 487
"../../../FinalProject/Content/KiteDemo/Environments/Rocks/Mountain_RockFace_002/T_MountainRock_Closed_D2.uasset" 488
"../../../FinalProject/Content/KiteDemo/Environments/Rocks/Mountain_RockFace_002/MI_MountainRock_Closed.uasset" 489
"../../../FinalProject/Content/KiteDemo/Environments/Rocks/Mountain_RockFace_002/SM_MountainRock_Closed.uasset" 490
"../../../FinalProject/Content/KiteDemo/Environments/Rocks/River_Rock_01/T_River_Rock_01_N.uasset" 491
"../../../FinalProject/Content/KiteDemo/Environments/Rocks/River_Rock_01/T_River_Rock_01_D_CC_R.uasset" 492
"../../../FinalProject/Content/KiteDemo/Environments/Rocks/River_Rock_01/MI_River_Rock_01.uasset" 493
"../../../FinalProject/Content/KiteDemo/Environments/Rocks/River_Rock_01/SM_River_Rock_01.uasset" 494
"../../../FinalProject/Content/OLevel.umap" 495
"../../../FinalProject/Content/FirstPersonBP/Blueprints/PleaseWorkController.uasset" 496
"../../../FinalProject/Content/FirstPersonBP/Blueprints/ChaseCharacter.uasset" 497
"../../../FinalProject/Content/RLevel_BuiltData.uasset" 498
"../../../Engine/Content/BasicShapes/BasicShapeMaterial.uasset" 499
"../../../FinalProject/Content/StarterContent/Textures/T_Water_M.uasset" 500
"../../../FinalProject/Content/StarterContent/Materials/M_Water_Ocean.uasset" 501
"../../../FinalProject/Content/StarterContent/Textures/T_Wood_Walnut_D.uasset" 502
"../../../FinalProject/Content/StarterContent/Textures/T_Wood_Walnut_N.uasset" 503
"../../../FinalProject/Content/StarterContent/Materials/M_Wood_Walnut.uasset" 504
"../../../Engine/Content/BasicShapes/Cube.uasset" 505
"../../../FinalProject/Content/StarterContent/Textures/T_Concrete_Tiles_D.uasset" 506
"../../../FinalProject/Content/StarterContent/Textures/T_Concrete_Tiles_M.uasset" 507
"../../../FinalProject/Content/StarterContent/Textures/T_Concrete_Tiles_N.uasset" 508
"../../../FinalProject/Content/StarterContent/Textures/T_Concrete_Tiles_Variation_M.uasset" 509
"../../../FinalProject/Content/StarterContent/Materials/M_Concrete_Tiles.uasset" 510
"../../../Engine/Content/Functions/Engine_MaterialFunctions01/Opacity/AlphaOffset.uasset" 511
"../../../FinalProject/Content/StarterContent/Materials/M_Wood_Floor_Walnut_Worn.uasset" 512
"../../../FinalProject/Content/StarterContent/Textures/T_Wood_Oak_D.uasset" 513
"../../../FinalProject/Content/StarterContent/Textures/T_Wood_Oak_N.uasset" 514
"../../../FinalProject/Content/StarterContent/Materials/M_Wood_Oak.uasset" 515
"../../../FinalProject/Content/StarterContent/Textures/T_Statue_M.uasset" 516
"../../../FinalProject/Content/StarterContent/Textures/T_Statue_N.uasset" 517
"../../../FinalProject/Content/StarterContent/Props/Materials/M_Statue.uasset" 518
"../../../FinalProject/Content/StarterContent/Props/Materials/M_StatueGlass.uasset" 519
"../../../FinalProject/Content/StarterContent/Textures/T_TableRound_M.uasset" 520
"../../../FinalProject/Content/StarterContent/Textures/T_TableRound_N.uasset" 521
"../../../FinalProject/Content/StarterContent/Props/Materials/M_TableRound.uasset" 522
"../../../FinalProject/Content/Geometry/shack.uasset" 523
"../../../FinalProject/Content/GetRadioPart.uasset" 524
"../../../FinalProject/Content/KiteDemo/Environments/Trees/HillTree_02/T_Craghead_Oak_LimbTile_02_D_Tex.uasset" 525
"../../../FinalProject/Content/KiteDemo/Environments/Trees/HillTree_02/T_Craghead_Oak_LimbTile_02_N_Tex.uasset" 526
"../../../FinalProject/Content/KiteDemo/Environments/Trees/HillTree_02/HillTree_01_Branches_2_Mat.uasset" 527
"../../../FinalProject/Content/KiteDemo/Environments/Trees/HillTree_02/T_Craghead_Oak_Tile_01_D_Tex.uasset" 528
"../../../FinalProject/Content/KiteDemo/Environments/Trees/HillTree_02/T_Craghead_Oak_Tile_01_N_Tex.uasset" 529
"../../../FinalProject/Content/KiteDemo/Environments/Trees/HillTree_02/T_Craghead_Oak_TileMoss_01_D_Tex.uasset" 530
"../../../FinalProject/Content/KiteDemo/Environments/Trees/HillTree_02/HillTree_01_Branches_Mat.uasset" 531
"../../../Engine/Content/Functions/Engine_MaterialFunctions01/SpeedTree/SpeedTreeColorVariation.uasset" 532
"../../../FinalProject/Content/KiteDemo/Environments/Trees/HillTree_02/HillTree_01_Atlas_Normal_Tex.uasset" 533
"../../../FinalProject/Content/KiteDemo/Environments/Trees/HillTree_02/HillTree_01_Atlas_Specular_Tex.uasset" 534
"../../../FinalProject/Content/KiteDemo/Environments/Trees/HillTree_02/HillTree_01_Atlas_Tex.uasset" 535
"../../../FinalProject/Content/KiteDemo/Environments/Trees/HillTree_02/HillTree_01_Leaves_Mat2.uasset" 536
"../../../Engine/Content/Functions/Engine_MaterialFunctions02/Utility/BreakOutFloat3Components.uasset" 537
"../../../Engine/Content/Functions/Engine_MaterialFunctions02/Math/Transform3x3Matrix.uasset" 538
"../../../FinalProject/Content/KiteDemo/Environments/Trees/HillTree_Tall_02/HillTree_Tall_01_Atlas_Billboards_Normal_Tex.uasset" 539
"../../../FinalProject/Content/KiteDemo/Environments/Trees/HillTree_Tall_02/HillTree_Tall_01_Atlas_Billboards_Tex.uasset" 540
"../../../FinalProject/Content/KiteDemo/Environments/Trees/HillTree_Tall_02/HillTree_Tall_01_Billboard_Mat.uasset" 541
"../../../FinalProject/Content/HillTree_Tall_02.uasset" 542
"../../../FinalProject/Content/KiteDemo/Environments/Rocks/Large_Volcanic_Rock_001/T_GDC_LargeVolcanicRock_001_N.uasset" 543
"../../../FinalProject/Content/KiteDemo/Environments/Rocks/Large_Volcanic_Rock_001/T_GDC_LargeVolcanicRock_001_D2_R.uasset" 544
"../../../FinalProject/Content/KiteDemo/Environments/Rocks/Large_Volcanic_Rock_001/MI_Large_VolcanicRock_002.uasset" 545
"../../../FinalProject/Content/KiteDemo/Environments/Rocks/Large_Volcanic_Rock_001/LargeVolcanicRock_001.uasset" 546
"../../../FinalProject/Content/KiteDemo/Environments/Trees/HillTree_02/HillTree_01_Atlas_Billboards_Normal_Tex.uasset" 547
"../../../FinalProject/Content/KiteDemo/Environments/Trees/HillTree_02/HillTree_01_Atlas_Billboards_Tex.uasset" 548
"../../../FinalProject/Content/KiteDemo/Environments/Trees/HillTree_02/HillTree_01_Billboard_Mat.uasset" 549
"../../../FinalProject/Content/KiteDemo/Environments/Trees/HillTree_02/HillTree_01_Fronds_Mat.uasset" 550
"../../../FinalProject/Content/KiteDemo/Environments/Trees/HillTree_02/HillTree_01_Leaves_Mat.uasset" 551
"../../../Engine/Content/Functions/Engine_MaterialFunctions02/Utility/VectorToRadialValue.uasset" 552
"../../../Engine/Content/ArtTools/RenderToTexture/MaterialFunctions/FoliageZRotation.uasset" 553
"../../../Engine/Content/Functions/Engine_MaterialFunctions02/Math/CreateThirdOrthogonalVector.uasset" 554
"../../../Engine/Content/Functions/Engine_MaterialFunctions02/Math/Pi.uasset" 555
"../../../Engine/Content/Functions/Engine_MaterialFunctions02/Utility/Sign.uasset" 556
"../../../Engine/Content/Functions/Engine_MaterialFunctions02/Utility/Round.uasset" 557
"../../../Engine/Content/Functions/Engine_MaterialFunctions02/ExampleContent/Textures/flipbook.uasset" 558
"../../../Engine/Content/Functions/Engine_MaterialFunctions02/Texturing/FlipBook.uasset" 559
"../../../Engine/Content/ArtTools/RenderToTexture/MaterialFunctions/ImposterUVs.uasset" 560
"../../../Engine/Content/Functions/Engine_MaterialFunctions02/ExampleContent/Textures/SphereRenderMask.uasset" 561
"../../../FinalProject/Content/KiteDemo/Environments/Trees/HillTree_02/T_HillTreeBillboard_01.uasset" 562
"../../../FinalProject/Content/KiteDemo/Environments/Trees/HillTree_02/T_HillTreeBillboard_01_Depth.uasset" 563
"../../../FinalProject/Content/KiteDemo/Environments/Trees/HillTree_02/T_HillTreeBillboard_01_N.uasset" 564
"../../../FinalProject/Content/KiteDemo/Environments/Trees/HillTree_02/T_HillTreeBillboard_01_S_R.uasset" 565
"../../../FinalProject/Content/KiteDemo/Environments/Trees/HillTree_02/T_HillTreeBillboard_01_SSS.uasset" 566
"../../../FinalProject/Content/KiteDemo/Environments/Trees/HillTree_02/M_CustomDepthBillboard.uasset" 567
"../../../FinalProject/Content/KiteDemo/Environments/Trees/HillTree_02/M_CustomDepthBillboard_Inst.uasset" 568
"../../../FinalProject/Content/KiteDemo/Environments/Trees/HillTree_02/HillTree_02.uasset" 569
"../../../FinalProject/Content/KiteDemo/Environments/Trees/HillTree_Tall_02/HillTree_Tall_02.uasset" 570
"../../../FinalProject/Content/KiteDemo/Environments/Trees/ScotsPine_01/ScotsPine_01_Atlas_Billboards_Normal_Tex.uasset" 571
"../../../FinalProject/Content/KiteDemo/Environments/Trees/ScotsPine_01/ScotsPine_01_Atlas_Billboards_Tex.uasset" 572
"../../../FinalProject/Content/KiteDemo/Environments/Trees/ScotsPine_01/ScotsPine_01_Billboard_Mat.uasset" 573
"../../../FinalProject/Content/KiteDemo/Environments/Trees/ScotsPine_01/T_ScotsPine_Bark_01_N_Tex.uasset" 574
"../../../FinalProject/Content/KiteDemo/Environments/Trees/ScotsPine_01/T_ScotsPine_Bark_01_Tex.uasset" 575
"../../../FinalProject/Content/KiteDemo/Environments/Trees/ScotsPine_01/T_ScotsPine_Bark_03_D_Tex.uasset" 576
"../../../FinalProject/Content/KiteDemo/Environments/Trees/ScotsPine_01/ScotsPine_01_Branches_2_Mat.uasset" 577
"../../../FinalProject/Content/KiteDemo/Environments/Trees/ScotsPine_01/T_ScotsPine_Bark_03_N.uasset" 578
"../../../FinalProject/Content/KiteDemo/Environments/Trees/ScotsPine_01/ScotsPine_01_Branches_Mat.uasset" 579
"../../../FinalProject/Content/KiteDemo/Environments/Trees/ScotsPine_01/ScotsPine_01_Fronds_Mat.uasset" 580
"../../../FinalProject/Content/KiteDemo/Environments/Trees/ScotsPine_01/ScotsPine_01_Atlas_Normal_Tex.uasset" 581
"../../../FinalProject/Content/KiteDemo/Environments/Trees/ScotsPine_01/ScotsPine_01_Atlas_Specular_Tex.uasset" 582
"../../../FinalProject/Content/KiteDemo/Environments/Trees/ScotsPine_01/ScotsPine_01_Atlas_Tex.uasset" 583
"../../../FinalProject/Content/KiteDemo/Environments/Trees/ScotsPine_01/ScotsPine_01_Leaves_Mat.uasset" 584
"../../../FinalProject/Content/KiteDemo/Environments/Trees/ScotsPine_01/ScotsPine_01.uasset" 585
"../../../FinalProject/Content/KiteDemo/Environments/Trees/ScotsPineTall_01/ScotsPineTall_01_Atlas_Billboards_Normal_Tex.uasset" 586
"../../../FinalProject/Content/KiteDemo/Environments/Trees/ScotsPineTall_01/ScotsPineTall_01_Atlas_Billboards_Tex.uasset" 587
"../../../FinalProject/Content/KiteDemo/Environments/Trees/ScotsPineTall_01/ScotsPineTall_01_Billboard_Mat.uasset" 588
"../../../FinalProject/Content/KiteDemo/Environments/Trees/ScotsPineTall_01/ScotsPineTall_01.uasset" 589
"../../../FinalProject/Content/KiteDemo/Environments/Trees/Tree_Stump_01/D_Tree_Stump_01_N.uasset" 590
"../../../FinalProject/Content/KiteDemo/Environments/Trees/Tree_Stump_01/D_Tree_Stump_01_D_R.uasset" 591
"../../../FinalProject/Content/KiteDemo/Environments/Trees/Tree_Stump_01/MI_Tree_Stump_01.uasset" 592
"../../../FinalProject/Content/KiteDemo/Environments/Trees/Tree_Stump_01/Tree_Stump_01.uasset" 593
"../../../FinalProject/Content/Fbx_Default_Material.uasset" 594
"../../../FinalProject/Content/M_Ground_Grass2.uasset" 595
"../../../FinalProject/Content/MountainMeshTake3_1.uasset" 596
"../../../FinalProject/Content/ScotsPine_01.uasset" 597
"../../../FinalProject/Content/StarterContent/Particles/Materials/AdobeHeitiStd-Regular.uasset" 598
"../../../FinalProject/Content/532px-TriangleArrow-Down_svg.uasset" 599
"../../../FinalProject/Content/StarterContent/Particles/Materials/DialogueWidget.uasset" 600
"../../../FinalProject/Content/AdineKirnberg-Script.uasset" 601
"../../../FinalProject/Content/Worn-Paper-Texture.uasset" 602
"../../../FinalProject/Content/StarterContent/Particles/Materials/NotesWidget.uasset" 603
"../../../FinalProject/Content/RLevel.umap" 604
"../../../FinalProject/Content/KiteDemo/Environments/Rocks/Boulder_05a/T_Boulder05_N.uasset" 605
"../../../FinalProject/Content/KiteDemo/Environments/Rocks/Boulder_05a/T_Boulder05_D_CC_R.uasset" 606
"../../../FinalProject/Content/KiteDemo/Environments/Rocks/Boulder_05a/MI_Boulder05a.uasset" 607
"../../../FinalProject/Content/SM_Boulder05a.uasset" 608
"../../../FinalProject/Content/FirstPersonBP/Maps/ALevel.umap" 609
"../../../Engine/Content/Maps/Entry.umap" 610
"../../../Engine/Content/MapTemplates/SM_Template_Map_Floor.uasset" 611
"../../../FinalProject/Content/FirstPersonBP/Maps/Island.umap" 612
"../../../Engine/Content/Functions/Engine_MaterialFunctions01/Gradient/RadialGradientExponential.uasset" 613
"../../../FinalProject/Content/KiteDemo/LevelContent/Architecture/T_MeterGrid_01_M.uasset" 614
"../../../FinalProject/Content/KiteDemo/LevelContent/Architecture/M_CycWall_01.uasset" 615
"../../../FinalProject/Content/KiteDemo/Environments/GroundTiles/AlpinePatch001/T_AlpinePatch001_N.uasset" 616
"../../../FinalProject/Content/KiteDemo/Environments/GroundTiles/AlpinePatch001/T_AlpinePatch001_D_R.uasset" 617
"../../../FinalProject/Content/KiteDemo/Environments/GroundTiles/AlpinePatch001/M_Tile_AlpinePatch001.uasset" 618
"../../../FinalProject/Content/KiteDemo/Environments/GroundTiles/AlpinePatch001/T_AlpinePatch001_D_alt_R.uasset" 619
"../../../FinalProject/Content/KiteDemo/Environments/GroundTiles/AlpinePatch001/M_Tile_AlpinePatch001_alt.uasset" 620
"../../../FinalProject/Content/KiteDemo/Environments/GroundTiles/ForestPath_001/T_Forest_Path_001A_N.uasset" 621
"../../../FinalProject/Content/KiteDemo/Environments/GroundTiles/ForestPath_001/T_Forest_Path_001A_D_R.uasset" 622
"../../../FinalProject/Content/KiteDemo/Environments/GroundTiles/ForestPath_001/MI_Forest_Path_001A.uasset" 623
"../../../FinalProject/Content/KiteDemo/Environments/GroundTiles/ForestPath_001/T_Forest_Path_001B_N.uasset" 624
"../../../FinalProject/Content/KiteDemo/Environments/GroundTiles/ForestPath_001/T_Forest_Path_001B_D_R.uasset" 625
"../../../FinalProject/Content/KiteDemo/Environments/GroundTiles/ForestPath_001/MI_Forest_Path_001B.uasset" 626
"../../../Engine/Content/Functions/Engine_MaterialFunctions02/TangentBasis.uasset" 627
"../../../FinalProject/Content/KiteDemo/Environments/GroundTiles/RockyPath/T_GDC_StonePath_Tile_H.uasset" 628
"../../../FinalProject/Content/KiteDemo/Material/M_Photoscan_Master_Displacement.uasset" 629
"../../../FinalProject/Content/KiteDemo/Environments/GroundTiles/GravelTile_01/T_gravelTile_01_N.uasset" 630
"../../../FinalProject/Content/KiteDemo/Environments/GroundTiles/GravelTile_01/T_gravelTile_01_D_R.uasset" 631
"../../../FinalProject/Content/KiteDemo/Environments/GroundTiles/GravelTile_01/T_gravelTile_01_H.uasset" 632
"../../../FinalProject/Content/KiteDemo/Environments/GroundTiles/GravelTile_01/MI_GravelTile_01.uasset" 633
"../../../FinalProject/Content/KiteDemo/Environments/GroundTiles/GravelTile_01/T_gravelTile_01A_N.uasset" 634
"../../../FinalProject/Content/KiteDemo/Environments/GroundTiles/GravelTile_01/T_gravelTile_01A_D_R.uasset" 635
"../../../FinalProject/Content/KiteDemo/Environments/GroundTiles/GravelTile_01/T_gravelTile_01A_H.uasset" 636
"../../../FinalProject/Content/KiteDemo/Environments/GroundTiles/GravelTile_01/MI_GravelTile_01A.uasset" 637
"../../../FinalProject/Content/KiteDemo/Environments/GroundTiles/LavaFlow002/T_Tiling_LavaFlow002_N.uasset" 638
"../../../FinalProject/Content/KiteDemo/Environments/GroundTiles/LavaFlow002/T_LavaFlow002_D_R.uasset" 639
"../../../FinalProject/Content/KiteDemo/Environments/GroundTiles/LavaFlow002/T_Tiling_LavaFlow002_H.uasset" 640
"../../../FinalProject/Content/KiteDemo/Environments/GroundTiles/LavaFlow002/M_Tile_LavaFlow002.uasset" 641
"../../../FinalProject/Content/KiteDemo/Environments/GroundTiles/LeafyPath/T_GDC_Tiling_LeafPath_N.uasset" 642
"../../../FinalProject/Content/KiteDemo/Environments/GroundTiles/LeafyPath/T_GDC_Tiling_LeafPath_D_R.uasset" 643
"../../../FinalProject/Content/KiteDemo/Environments/GroundTiles/LeafyPath/T_GDC_Tiling_LeafPath_H.uasset" 644
"../../../FinalProject/Content/KiteDemo/Environments/GroundTiles/LeafyPath/MI_Tile_LeafPath.uasset" 645
"../../../FinalProject/Content/KiteDemo/Environments/GroundTiles/LeafyPath/T_GDC_Tiling_LeafpathStones_N.uasset" 646
"../../../FinalProject/Content/KiteDemo/Environments/GroundTiles/LeafyPath/T_GDC_Tiling_LeafPathStones_D_R.uasset" 647
"../../../FinalProject/Content/KiteDemo/Environments/GroundTiles/LeafyPath/T_GDC_Tiling_LeafPathStones_H.uasset" 648
"../../../FinalProject/Content/KiteDemo/Environments/GroundTiles/LeafyPath/MI_Tile_LeafPathStones.uasset" 649
"../../../FinalProject/Content/KiteDemo/Environments/GroundTiles/PebblyRiverbank/T_Tile_PebblyRiverbank_N.uasset" 650
"../../../FinalProject/Content/KiteDemo/Environments/GroundTiles/PebblyRiverbank/T_Tile_PebblyRiverbank_D_R.uasset" 651
"../../../FinalProject/Content/KiteDemo/Environments/GroundTiles/PebblyRiverbank/T_Tile_PebblyRiverbank_H.uasset" 652
"../../../FinalProject/Content/KiteDemo/Environments/GroundTiles/PebblyRiverbank/MI_PSM_PebblyRiverbank_Tile.uasset" 653
"../../../FinalProject/Content/KiteDemo/Environments/GroundTiles/RiverPebbles/T_Tile_RiverPebbles_N.uasset" 654
"../../../FinalProject/Content/KiteDemo/Environments/GroundTiles/RiverPebbles/T_RiverPebbles_001_D_R.uasset" 655
"../../../FinalProject/Content/KiteDemo/Environments/GroundTiles/RiverPebbles/T_Tile_RiverPebbles_H.uasset" 656
"../../../FinalProject/Content/KiteDemo/Environments/GroundTiles/RiverPebbles/M_Tile_RiverPebbles.uasset" 657
"../../../FinalProject/Content/KiteDemo/Environments/GroundTiles/RockFace003/T_GDC_RockFace003_N.uasset" 658
"../../../FinalProject/Content/KiteDemo/Environments/GroundTiles/RockFace003/T_GDC_RockFace003_D_R.uasset" 659
"../../../FinalProject/Content/KiteDemo/Environments/GroundTiles/RockFace003/T_GDC_RockFace003_H.uasset" 660
"../../../FinalProject/Content/KiteDemo/Environments/GroundTiles/RockFace003/M_Tile_RockFace003.uasset" 661
"../../../FinalProject/Content/KiteDemo/Environments/GroundTiles/RockyPath/T_GDC_StonePath_Tile_N.uasset" 662
"../../../FinalProject/Content/KiteDemo/Environments/GroundTiles/RockyPath/T_GDC_StonePath_Tile_D_R.uasset" 663
"../../../FinalProject/Content/KiteDemo/Environments/GroundTiles/RockyPath/MI_PSM_RockyPath_Tile.uasset" 664
"../../../Engine/Content/EditorMeshes/EditorSphere.uasset" 665
"../../../Engine/Content/EngineMaterials/Good64x64TilingNoiseHighFreq.uasset" 666
"../../../Engine/Content/MapTemplates/lut/LUT_Daytime.uasset" 667
"../../../FinalProject/Content/KiteDemo/Environments/Cliffs/Cliff01/T_Cliff01_N.uasset" 668
"../../../FinalProject/Content/KiteDemo/Environments/Cliffs/Cliff01/T_Cliff01_D_CC_R.uasset" 669
"../../../FinalProject/Content/KiteDemo/Environments/Cliffs/Cliff01/MI_Cliff01.uasset" 670
"../../../FinalProject/Content/KiteDemo/Environments/Cliffs/Cliff01/SM_Cliff01.uasset" 671
"../../../FinalProject/Content/KiteDemo/Environments/Foliage/BogMyrtle_01/BogMyrtle_01_Atlas_Billboards_Normal_Tex.uasset" 672
"../../../FinalProject/Content/KiteDemo/Environments/Foliage/BogMyrtle_01/BogMyrtle_01_Atlas_Billboards_Tex.uasset" 673
"../../../FinalProject/Content/KiteDemo/Environments/Foliage/BogMyrtle_01/BogMyrtle_01_Billboard_Mat.uasset" 674
"../../../FinalProject/Content/KiteDemo/Environments/Foliage/BogMyrtle_01/BogMyrtle_01_Atlas_Normal_Tex.uasset" 675
"../../../FinalProject/Content/KiteDemo/Environments/Foliage/BogMyrtle_01/BogMyrtle_01_Atlas_Tex.uasset" 676
"../../../FinalProject/Content/KiteDemo/Environments/Foliage/BogMyrtle_01/T_BogMyrtleBtm_01_D.uasset" 677
"../../../FinalProject/Content/KiteDemo/Environments/Foliage/BogMyrtle_01/T_BogMyrtleBtm_01_N.uasset" 678
"../../../FinalProject/Content/KiteDemo/Environments/Foliage/BogMyrtle_01/BogMyrtle_01_Fronds_Mat.uasset" 679
"../../../FinalProject/Content/KiteDemo/Environments/Foliage/BogMyrtle_01/BogMyrtle_01.uasset" 680
"../../../FinalProject/Content/KiteDemo/Environments/Foliage/BogMyrtleBush_01/BogMyrtleBush_01_Atlas_Billboards_Normal_Tex.uasset" 681
"../../../FinalProject/Content/KiteDemo/Environments/Foliage/BogMyrtleBush_01/BogMyrtleBush_01_Atlas_Billboards_Tex.uasset" 682
"../../../FinalProject/Content/KiteDemo/Environments/Foliage/BogMyrtleBush_01/MI_BogMyrtleBush_01_Billboard.uasset" 683
"../../../FinalProject/Content/KiteDemo/Environments/Foliage/BogMyrtleBush_01/BogMyrtleBush_01.uasset" 684
"../../../FinalProject/Content/KiteDemo/Environments/Foliage/BogMyrtleBush_02/BogMyrtleBush_02_Atlas_Billboards_Normal_Tex.uasset" 685
"../../../FinalProject/Content/KiteDemo/Environments/Foliage/BogMyrtleBush_02/BogMyrtleBush_02_Atlas_Billboards_Tex.uasset" 686
"../../../FinalProject/Content/KiteDemo/Environments/Foliage/BogMyrtleBush_02/MI_BogMyrtleBush_02_Billboard.uasset" 687
"../../../FinalProject/Content/KiteDemo/Environments/Foliage/BogMyrtleBush_02/BogMyrtleBush_02.uasset" 688
"../../../Engine/Content/Functions/Engine_MaterialFunctions01/WorldPositionOffset/SimpleGrassWind.uasset" 689
"../../../Engine/Content/Functions/Engine_MaterialFunctions02/ObjectLocalToWorldData.uasset" 690
"../../../Engine/Content/Functions/Engine_MaterialFunctions02/Utility/VectorLength.uasset" 691
"../../../Engine/Content/Functions/Engine_MaterialFunctions02/WorldPositionOffset/ObjectScale.uasset" 692
"../../../Engine/Content/Functions/Engine_MaterialFunctions02/PivotPainter/PivotPainter_PerObjectData.uasset" 693
"../../../Engine/Content/Functions/Engine_MaterialFunctions02/WorldPositionOffset/Wind.uasset" 694
"../../../Engine/Content/Functions/Engine_MaterialFunctions02/PivotPainter/PivotPainter_PerObjectFoliageData.uasset" 695
"../../../FinalProject/Content/KiteDemo/Material/WorldCoords-XY.uasset" 696
"../../../FinalProject/Content/KiteDemo/Environments/Foliage/Ferns/T_Fern_01_D.uasset" 697
"../../../FinalProject/Content/KiteDemo/Environments/Foliage/Ferns/T_Fern_01_N.uasset" 698
"../../../FinalProject/Content/KiteDemo/Environments/Foliage/Ferns/T_Ice_Noise_N.uasset" 699
"../../../FinalProject/Content/KiteDemo/Environments/Foliage/Ferns/T_TilingNoise06_N.uasset" 700
"../../../FinalProject/Content/KiteDemo/Environments/Textures/T_Water_N.uasset" 701
"../../../FinalProject/Content/KiteDemo/Environments/Textures/T_Water_Screen_Noise_Soft2.uasset" 702
"../../../FinalProject/Content/KiteDemo/Environments/Foliage/Ferns/M_Fern_01.uasset" 703
"../../../FinalProject/Content/KiteDemo/Environments/Foliage/Ferns/SM_Fern_01.uasset" 704
"../../../FinalProject/Content/KiteDemo/Environments/Textures/T_Water_Screen_Noise_Soft.uasset" 705
"../../../FinalProject/Content/KiteDemo/Environments/Foliage/Ferns/M_Fern_01_Inst.uasset" 706
"../../../FinalProject/Content/KiteDemo/Environments/Foliage/Ferns/SM_Fern_02.uasset" 707
"../../../FinalProject/Content/KiteDemo/Environments/Foliage/Ferns/SM_Fern_03.uasset" 708
"../../../Engine/Content/Functions/Engine_MaterialFunctions02/Texturing/ScreenAlignedPixelToPixelUVs.uasset" 709
"../../../Engine/Content/Functions/Engine_MaterialFunctions02/Utility/DitherTemporalAA.uasset" 710
"../../../FinalProject/Content/KiteDemo/Environments/Foliage/Flowers/Buttercup/T_Buttercup_Patch_01_D.uasset" 711
"../../../FinalProject/Content/KiteDemo/Environments/Foliage/Flowers/Buttercup/T_Buttercup_Patch_01_M.uasset" 712
"../../../FinalProject/Content/KiteDemo/Environments/Foliage/Flowers/FieldScabious/T_SwirlNoise.uasset" 713
"../../../FinalProject/Content/KiteDemo/Environments/Foliage/Flowers/Buttercup/M_Buttercup_Patch_01.uasset" 714
"../../../FinalProject/Content/KiteDemo/Environments/Foliage/Flowers/Buttercup/M_Buttercup_Patch_01_Inst_NoWPO.uasset" 715
"../../../FinalProject/Content/KiteDemo/Environments/Foliage/Flowers/Buttercup/SM_Buttercup_Patch_01.uasset" 716
"../../../Engine/Content/Functions/Engine_MaterialFunctions01/WorldPositionOffset/SplineThicken.uasset" 717
"../../../FinalProject/Content/KiteDemo/Environments/Foliage/Flowers/FieldScabious/T_FieldScabious01_D.uasset" 718
"../../../FinalProject/Content/KiteDemo/Environments/Foliage/Flowers/FieldScabious/T_FieldScabious01_M.uasset" 719
"../../../FinalProject/Content/KiteDemo/Environments/Foliage/Flowers/FieldScabious/T_FieldScabious01_N.uasset" 720
"../../../FinalProject/Content/KiteDemo/Environments/Foliage/Flowers/FieldScabious/M_FieldScabious_01.uasset" 721
"../../../FinalProject/Content/KiteDemo/Environments/Foliage/Flowers/FieldScabious/M_FieldScabious_01_Inst01.uasset" 722
"../../../FinalProject/Content/KiteDemo/Environments/Foliage/Flowers/FieldScabious/M_FieldScabious_01_Inst02.uasset" 723
"../../../FinalProject/Content/KiteDemo/Environments/Foliage/Flowers/FieldScabious/SM_FieldScabious_01.uasset" 724
"../../../FinalProject/Content/KiteDemo/Environments/Foliage/Flowers/Heather/T_HeatherBranch4_D.uasset" 725
"../../../FinalProject/Content/KiteDemo/Environments/Foliage/Flowers/Heather/T_HeatherBranch4_Mask2.uasset" 726
"../../../FinalProject/Content/KiteDemo/Environments/Foliage/Flowers/Heather/T_HeatherBranch4_N.uasset" 727
"../../../FinalProject/Content/KiteDemo/Environments/Foliage/Flowers/Heather/T_Ice_Noise.uasset" 728
"../../../FinalProject/Content/KiteDemo/Environments/Foliage/Flowers/Heather/M_HeatherNew_Master.uasset" 729
"../../../FinalProject/Content/KiteDemo/Environments/Textures/T_GDC_TilingRocks_01_DispMask.uasset" 730
"../../../FinalProject/Content/KiteDemo/Environments/Foliage/Flowers/Heather/M_HeatherPatches_Inst2.uasset" 731
"../../../FinalProject/Content/KiteDemo/Environments/Foliage/Flowers/Heather/SM_Heather_Mesh_Clumps2.uasset" 732
"../../../FinalProject/Content/KiteDemo/Environments/Textures/MPC_Terrain.uasset" 733
"../../../FinalProject/Content/KiteDemo/Environments/Foliage/Flowers/Heather/T_Grass_Blobby_Height_01.uasset" 734
"../../../FinalProject/Content/KiteDemo/Environments/Foliage/Flowers/Heather/M_HeatherNew_MasterWorldColorVarience.uasset" 735
"../../../FinalProject/Content/KiteDemo/Environments/Foliage/Flowers/Heather/M_HeatherPatches_Inst2_BrownPinkVairience.uasset" 736
"../../../FinalProject/Content/KiteDemo/Environments/Foliage/Flowers/Heather/M_HeatherPatches_Inst2_BrownPinkVairience_NoWind.uasset" 737
"../../../FinalProject/Content/KiteDemo/Environments/Foliage/Flowers/Heather/SM_Heather_Mesh_Clumps2_WorldPopulate.uasset" 738
"../../../FinalProject/Content/KiteDemo/Environments/Foliage/Flowers/Yarrow/T_Yarrow_D.uasset" 739
"../../../FinalProject/Content/KiteDemo/Environments/Foliage/Flowers/Yarrow/T_Yarrow_N.uasset" 740
"../../../FinalProject/Content/KiteDemo/Environments/Foliage/Flowers/Yarrow/M_Yarrow_Inst.uasset" 741
"../../../FinalProject/Content/KiteDemo/Environments/Foliage/Flowers/Yarrow/SM_Yarrow.uasset" 742
"../../../FinalProject/Content/KiteDemo/Environments/Foliage/Flowers/Yarrow/T_Yarrow_M.uasset" 743
"../../../FinalProject/Content/KiteDemo/Environments/Foliage/Flowers/Yarrow/M_Yarrow_PP_Wind_Inst.uasset" 744
"../../../FinalProject/Content/KiteDemo/Environments/Foliage/Flowers/Yarrow/SM_Yarrow3.uasset" 745
"../../../FinalProject/Content/KiteDemo/Environments/Foliage/Grass/FieldGrass/T_FieldGrass_01_D.uasset" 746
"../../../FinalProject/Content/KiteDemo/Environments/Foliage/Grass/FieldGrass/T_FieldGrass_02_M.uasset" 747
"../../../FinalProject/Content/KiteDemo/Environments/Foliage/Grass/FieldGrass/M_FieldGrass_01.uasset" 748
"../../../FinalProject/Content/KiteDemo/Environments/Foliage/Grass/FieldGrass/M_FieldGrass_Inst_01.uasset" 749
"../../../FinalProject/Content/KiteDemo/Environments/Foliage/Grass/FieldGrass/M_FieldGrass_Inst_01_LOD1.uasset" 750
"../../../FinalProject/Content/KiteDemo/Environments/Foliage/Grass/FieldGrass/M_FieldGrass_Inst_01_LOD2.uasset" 751
"../../../FinalProject/Content/KiteDemo/Environments/Foliage/Grass/FieldGrass/SM_FieldGrass_01.uasset" 752
"../../../FinalProject/Content/KiteDemo/Environments/Foliage/Leaves/T_DeadLeavesAtlas_01_D.uasset" 753
"../../../FinalProject/Content/KiteDemo/Environments/Foliage/Leaves/T_DeadLeavesAtlas_01_N.uasset" 754
"../../../FinalProject/Content/KiteDemo/Environments/Foliage/Leaves/T_DeadLeavesAtlasTop_01_D.uasset" 755
"../../../FinalProject/Content/KiteDemo/Environments/Foliage/Leaves/M_DeadLeaves.uasset" 756
"../../../FinalProject/Content/KiteDemo/Environments/Foliage/Leaves/SM_DeadLeaves.uasset" 757
"../../../FinalProject/Content/KiteDemo/Environments/Foliage/Leaves/SM_DeadLeaves_Flat.uasset" 758
"../../../FinalProject/Content/KiteDemo/Environments/Rocks/Boulder_05a/SM_Boulder05a.uasset" 759
"../../../FinalProject/Content/KiteDemo/Environments/Rocks/GroundRevealRock001/T_GroundRevealRock001a_N.uasset" 760
"../../../FinalProject/Content/KiteDemo/Environments/Rocks/GroundRevealRock001/T_GroundRevealRock001a_D_CC_R.uasset" 761
"../../../FinalProject/Content/KiteDemo/Environments/Rocks/GroundRevealRock001/MI_GroundRevealRock001a.uasset" 762
"../../../FinalProject/Content/KiteDemo/Environments/Rocks/GroundRevealRock001/SM_GroundRevealRock001.uasset" 763
"../../../FinalProject/Content/KiteDemo/Environments/Rocks/GroundRevealRock002/T_GroundRevealRock002_N.uasset" 764
"../../../FinalProject/Content/KiteDemo/Environments/Rocks/GroundRevealRock002/T_GroundRevealRock002_D_CC_R.uasset" 765
"../../../FinalProject/Content/KiteDemo/Environments/Rocks/GroundRevealRock002/MI_GroundRevealRock002.uasset" 766
"../../../FinalProject/Content/KiteDemo/Environments/Rocks/GroundRevealRock002/SM_GroundRevealRock002.uasset" 767
"../../../FinalProject/Content/KiteDemo/Environments/Rocks/Large_Volcanic_Rock_001/LargeVolcanicRock_002.uasset" 768
"../../../FinalProject/Content/KiteDemo/Environments/Rocks/Large_Volcanic_Rock_001/LargeVolcanicRock_003.uasset" 769
"../../../FinalProject/Content/KiteDemo/Environments/Rocks/Large_Volcanic_Rock_001/LargeVolcanicRock_004.uasset" 770
"../../../FinalProject/Content/KiteDemo/Environments/Rocks/Medium_Boulder_002/Medium_Boulder_002_N_4096.uasset" 771
"../../../FinalProject/Content/KiteDemo/Environments/Rocks/Medium_Boulder_002/Medium_Boulder_002_D_CC_R.uasset" 772
"../../../FinalProject/Content/KiteDemo/Environments/Rocks/Medium_Boulder_002/MI_MediumBoulder_002.uasset" 773
"../../../FinalProject/Content/KiteDemo/Environments/Rocks/Medium_Boulder_002/Medium_Boulder_LowPoly.uasset" 774
"../../../FinalProject/Content/KiteDemo/Environments/Rocks/Mountain_RockFace_002/T_MountainRock_N.uasset" 775
"../../../FinalProject/Content/KiteDemo/Environments/Rocks/Mountain_RockFace_002/T_MountainRock_D.uasset" 776
"../../../FinalProject/Content/KiteDemo/Environments/Rocks/Mountain_RockFace_002/MI_MountainRock.uasset" 777
"../../../FinalProject/Content/KiteDemo/Environments/Rocks/Mountain_RockFace_002/SM_MountainRock.uasset" 778
"../../../FinalProject/Content/KiteDemo/Environments/Rocks/Scree001/T_Scree_001_N.uasset" 779
"../../../FinalProject/Content/KiteDemo/Environments/Rocks/Scree001/T_Scree_001_D_CC.uasset" 780
"../../../FinalProject/Content/KiteDemo/Environments/Rocks/Scree001/MI_Scree_001_CC.uasset" 781
"../../../FinalProject/Content/KiteDemo/Environments/Rocks/Scree001/Scree_001.uasset" 782
"../../../FinalProject/Content/KiteDemo/Environments/Rocks/Scree001/Scree_001_A.uasset" 783
"../../../FinalProject/Content/KiteDemo/Environments/Rocks/Scree001/Scree_001_B.uasset" 784
"../../../FinalProject/Content/KiteDemo/Environments/Rocks/Scree002/T_Scree002_N.uasset" 785
"../../../FinalProject/Content/KiteDemo/Environments/Rocks/Scree002/T_Scree002_D_R.uasset" 786
"../../../FinalProject/Content/KiteDemo/Environments/Rocks/Scree002/MI_Scree002_NEW.uasset" 787
"../../../FinalProject/Content/KiteDemo/Environments/Rocks/Scree002/SM_Scree002_Bend.uasset" 788
"../../../FinalProject/Content/KiteDemo/Environments/Rocks/Scree002/SM_Scree002_NEW.uasset" 789
"../../../FinalProject/Content/KiteDemo/Environments/Rocks/Scree002/SM_Scree002a.uasset" 790
"../../../FinalProject/Content/KiteDemo/Environments/Rocks/Scree002/SM_Scree002b.uasset" 791
"../../../FinalProject/Content/KiteDemo/Environments/Trees/Vegetation_Debris_002/T_Vegetation_Debris_002_N.uasset" 792
"../../../FinalProject/Content/KiteDemo/Environments/Trees/Vegetation_Debris_002/T_Vegetation_Debris_002_D_R.uasset" 793
"../../../FinalProject/Content/KiteDemo/Environments/Trees/Vegetation_Debris_002/MI_Vegetation_Debris_002.uasset" 794
"../../../FinalProject/Content/KiteDemo/Environments/Trees/Vegetation_Debris_002/SM_Vegetation_Debris_002.uasset" 795
"../../../FinalProject/Content/KiteDemo/LevelContent/Architecture/M_1Meter_01.uasset" 796
"../../../FinalProject/Content/KiteDemo/LevelContent/Architecture/SM_1Meter_01.uasset" 797
"../../../FinalProject/Content/KiteDemo/LevelContent/Architecture/M_CycRoom_01.uasset" 798
"../../../FinalProject/Content/KiteDemo/LevelContent/Architecture/SM_CycRoom_01.uasset" 799
"../../../FinalProject/Content/KiteDemo/LevelContent/HDRI/HDRI_Epic_Courtyard_Daylight.uasset" 800
"../../../FinalProject/Content/KiteDemo/Maps/Overview.umap" 801
"../../../FinalProject/Content/KiteDemo/LevelContent/Blueprints/Assets/FogBrightnessLUT.uasset" 802
"../../../FinalProject/Content/KiteDemo/LevelContent/Blueprints/Assets/SunlightColorLUT.uasset" 803
"../../../FinalProject/Content/KiteDemo/LevelContent/Blueprints/Assets/M_LightStage_Arrows.uasset" 804
"../../../Engine/Content/MapTemplates/Sky/DaylightAmbientCubemap.uasset" 805
"../../../FinalProject/Content/KiteDemo/LevelContent/Blueprints/Assets/M_LightStage_Skybox_Master.uasset" 806
"../../../FinalProject/Content/KiteDemo/LevelContent/Blueprints/Assets/M_LightStage_Skybox_Black.uasset" 807
"../../../FinalProject/Content/KiteDemo/LevelContent/Blueprints/Assets/M_LightStage_Skybox_HDRI.uasset" 808
"../../../Engine/Content/EditorMaterials/Thumbnails/SkySphereMaterial.uasset" 809
"../../../FinalProject/Content/KiteDemo/LevelContent/Blueprints/Assets/Skybox.uasset" 810
"../../../FinalProject/Content/KiteDemo/LevelContent/Blueprints/Assets/SM_Arrows.uasset" 811
"../../../FinalProject/Content/KiteDemo/LevelContent/Blueprints/BP_LightStudio.uasset" 812
"../../../FinalProject/Content/KiteDemo/Environments/GroundTiles/Grass/M_AssetPlatform_Grass.uasset" 813
"../../../FinalProject/Content/KiteDemo/LevelContent/Architecture/SM_AssetPlatform_02.uasset" 814
"../../../FinalProject/Content/KiteDemo/LevelContent/HDRI/KimsBackYard.uasset" 815
"../../../FinalProject/Content/KiteDemo/Maps/Showcase.umap" 816
"../../../FinalProject/Content/StarterContent/Blueprints/Assets/FogBrightnessLUT.uasset" 817
"../../../FinalProject/Content/StarterContent/Blueprints/Assets/SunlightColorLUT.uasset" 818
"../../../FinalProject/Content/StarterContent/Blueprints/Assets/M_LightStage_Arrows.uasset" 819
"../../../FinalProject/Content/StarterContent/Blueprints/Assets/M_LightStage_Skybox_Master.uasset" 820
"../../../FinalProject/Content/StarterContent/Blueprints/Assets/M_LightStage_Skybox_Black.uasset" 821
"../../../FinalProject/Content/StarterContent/Blueprints/Assets/M_LightStage_Skybox_HDRI.uasset" 822
"../../../FinalProject/Content/StarterContent/Blueprints/Assets/Skybox.uasset" 823
"../../../FinalProject/Content/StarterContent/Blueprints/Assets/SM_Arrows.uasset" 824
"../../../FinalProject/Content/StarterContent/Blueprints/BP_LightStudio.uasset" 825
"../../../FinalProject/Content/StarterContent/Materials/M_AssetPlatform.uasset" 826
"../../../Engine/Content/EditorMeshes/ColorCalibrator/M_ChromeBall.uasset" 827
"../../../Engine/Content/EditorMeshes/ColorCalibrator/M_ClearCoat.uasset" 828
"../../../Engine/Content/EditorMeshes/ColorCalibrator/M_ClearCoatBlack.uasset" 829
"../../../Engine/Content/EditorMeshes/ColorCalibrator/M_ColorGrid.uasset" 830
"../../../Engine/Content/EditorMeshes/ColorCalibrator/M_GreyBall.uasset" 831
"../../../Engine/Content/EditorMeshes/ColorCalibrator/SM_ColorCalibrator.uasset" 832
"../../../FinalProject/Content/StarterContent/Architecture/SM_AssetPlatform.uasset" 833
"../../../FinalProject/Content/StarterContent/Maps/Advanced_Lighting.umap" 834
"../../../FinalProject/Content/StarterContent/Materials/M_Metal_Brushed_Nickel.uasset" 835
"../../../FinalProject/Content/StarterContent/Textures/T_Metal_Aluminum_D.uasset" 836
"../../../FinalProject/Content/StarterContent/Materials/M_Metal_Burnished_Steel.uasset" 837
"../../../FinalProject/Content/StarterContent/Textures/T_Metal_Copper_D.uasset" 838
"../../../FinalProject/Content/StarterContent/Materials/M_Metal_Copper.uasset" 839
"../../../FinalProject/Content/StarterContent/Architecture/Floor_400x400.uasset" 840
"../../../FinalProject/Content/StarterContent/Audio/Starter_Background_Cue.uasset" 841
"../../../FinalProject/Content/StarterContent/Props/SM_Chair.uasset" 842
"../../../FinalProject/Content/StarterContent/Props/SM_Statue.uasset" 843
"../../../FinalProject/Content/StarterContent/Props/SM_TableRound.uasset" 844
"../../../FinalProject/Content/StarterContent/Maps/Minimal_Default.umap" 845
